<?xml version="1.0" encoding="UTF-8"?>
<!-- Generated by org.testng.reporters.JUnitReportReporter -->
<testsuite hostname="DESKTOP-OAC4TPN" failures="0" tests="11" name="com.em.testcases.LoginPage_TestCases" time="80.973" errors="0" timestamp="2020-12-03T17:56:48 PKT" skipped="0">
  <testcase classname="com.em.testcases.LoginPage_TestCases" name="Emerald_Lunched" time="13.692"/>
  <system-out/>
  <testcase classname="com.em.testcases.LoginPage_TestCases" name="Test_Login_Logo_Text_isPresent" time="0.095"/>
  <system-out/>
  <testcase classname="com.em.testcases.LoginPage_TestCases" name="Test_Username_Text_isPresent" time="0.058"/>
  <system-out/>
  <testcase classname="com.em.testcases.LoginPage_TestCases" name="Test_Password_Text_isPresent" time="0.050"/>
  <system-out/>
  <testcase classname="com.em.testcases.LoginPage_TestCases" name="Click_LoginButton_without_usernamePaswword" time="11.448"/>
  <system-out/>
  <testcase classname="com.em.testcases.LoginPage_TestCases" name="Test_LoginButton" time="0.055"/>
  <system-out/>
  <testcase classname="com.em.testcases.LoginPage_TestCases" name="Test_Show_Hide_PasswordButton" time="0.425"/>
  <system-out/>
  <testcase classname="com.em.testcases.LoginPage_TestCases" name="Test_login_without_Username" time="16.189"/>
  <system-out/>
  <testcase classname="com.em.testcases.LoginPage_TestCases" name="Test_login_without_Password" time="16.113"/>
  <system-out/>
  <testcase classname="com.em.testcases.LoginPage_TestCases" name="Test_for_Invalid_login" time="12.153"/>
  <system-out/>
  <testcase classname="com.em.testcases.LoginPage_TestCases" name="valid_login" time="10.695"/>
  <system-out/>
</testsuite> <!-- com.em.testcases.LoginPage_TestCases -->
