<?xml version="1.0" encoding="UTF-8"?>
<!-- Generated by org.testng.reporters.JUnitReportReporter -->
<testsuite hostname="DESKTOP-OAC4TPN" failures="0" tests="3" name="com.em.testcases.CreateApplication_TestCases" time="12.274" errors="0" timestamp="2020-12-07T10:26:11 PKT" skipped="0">
  <testcase classname="com.em.testcases.CreateApplication_TestCases" name="TestCreate_ApplicationPage_are_Displayed" time="10.447"/>
  <system-out/>
  <testcase classname="com.em.testcases.CreateApplication_TestCases" name="ClickOn_Save_or_CreateApplication_Button" time="1.760"/>
  <system-out/>
  <testcase classname="com.em.testcases.CreateApplication_TestCases" name="CheckCompany_sectionText_areAvailble" time="0.067"/>
  <system-out/>
</testsuite> <!-- com.em.testcases.CreateApplication_TestCases -->
