<?xml version="1.0" encoding="UTF-8"?>
<!-- Generated by org.testng.reporters.JUnitReportReporter -->
<testsuite hostname="DESKTOP-OAC4TPN" failures="0" tests="1" name="com.em.testcases.CallLog_Windows_TestCases" time="12.182" errors="0" timestamp="2020-12-03T15:24:16 PKT" skipped="0">
  <testcase classname="com.em.testcases.CallLog_Windows_TestCases" name="Switch_toCall_LogWindwo" time="12.182"/>
  <system-out/>
</testsuite> <!-- com.em.testcases.CallLog_Windows_TestCases -->
