<?xml version="1.0" encoding="UTF-8"?>
<!-- Generated by org.testng.reporters.JUnitReportReporter -->
<testsuite hostname="DESKTOP-OAC4TPN" failures="0" tests="11" name="com.em.testcases.LoginPage_TestCases" time="72.244" errors="0" timestamp="2020-12-08T16:49:39 PKT" skipped="0">
  <testcase classname="com.em.testcases.LoginPage_TestCases" name="Emerald_Lunched" time="14.019"/>
  <system-out/>
  <testcase classname="com.em.testcases.LoginPage_TestCases" name="Test_Login_Logo_Text_isPresent" time="0.089"/>
  <system-out/>
  <testcase classname="com.em.testcases.LoginPage_TestCases" name="Test_Username_Text_isPresent" time="0.061"/>
  <system-out/>
  <testcase classname="com.em.testcases.LoginPage_TestCases" name="Test_Password_Text_isPresent" time="0.052"/>
  <system-out/>
  <testcase classname="com.em.testcases.LoginPage_TestCases" name="Click_LoginButton_without_usernamePaswword" time="6.746"/>
  <system-out/>
  <testcase classname="com.em.testcases.LoginPage_TestCases" name="Test_LoginButton" time="0.076"/>
  <system-out/>
  <testcase classname="com.em.testcases.LoginPage_TestCases" name="Test_Show_Hide_PasswordButton" time="0.378"/>
  <system-out/>
  <testcase classname="com.em.testcases.LoginPage_TestCases" name="Test_login_without_Username" time="14.002"/>
  <system-out/>
  <testcase classname="com.em.testcases.LoginPage_TestCases" name="Test_login_without_Password" time="14.093"/>
  <system-out/>
  <testcase classname="com.em.testcases.LoginPage_TestCases" name="Test_for_Invalid_login" time="12.055"/>
  <system-out/>
  <testcase classname="com.em.testcases.LoginPage_TestCases" name="valid_login" time="10.673"/>
  <system-out/>
</testsuite> <!-- com.em.testcases.LoginPage_TestCases -->
