<?xml version="1.0" encoding="UTF-8"?>
<!-- Generated by org.testng.reporters.JUnitReportReporter -->
<testsuite hostname="DESKTOP-OAC4TPN" failures="0" tests="15" name="com.em.testcases.CreateApplication_TestCases" time="150.145" errors="0" timestamp="2020-12-09T16:09:39 PKT" skipped="0">
  <testcase classname="com.em.testcases.CreateApplication_TestCases" name="Test_CreateApplication_Page_are_Displayed_13" time="10.414"/>
  <system-out/>
  <testcase classname="com.em.testcases.CreateApplication_TestCases" name="Test_CreateApplication_To_ClickOn_Save_Button_14" time="10.314"/>
  <system-out/>
  <testcase classname="com.em.testcases.CreateApplication_TestCases" name="Test_CreateApplication_Company_sectionText_areAvailble_15" time="0.065"/>
  <system-out/>
  <testcase classname="com.em.testcases.CreateApplication_TestCases" name="Test_CreateApplication_CompanyName_are_Entered_16" time="0.774"/>
  <system-out/>
  <testcase classname="com.em.testcases.CreateApplication_TestCases" name="Test_CreateApplication_To_SearchCompany_Text_and_CrossButton_17" time="10.293"/>
  <system-out/>
  <testcase classname="com.em.testcases.CreateApplication_TestCases" name="Test_CreateApplication_to_SelectEnteredCompany_18" time="0.651"/>
  <system-out/>
  <testcase classname="com.em.testcases.CreateApplication_TestCases" name="Test_CreateApplication_CompanyText_and_Cross_Button_19" time="10.903"/>
  <system-out/>
  <testcase classname="com.em.testcases.CreateApplication_TestCases" name="Test_Createapplication_to_Select_all_Directors_and_Submit_Button_20" time="10.668"/>
  <system-out/>
  <testcase classname="com.em.testcases.CreateApplication_TestCases" name="Test_CreateApplication_MainGur_Title_areSelected_21" time="10.185"/>
  <system-out/>
  <testcase classname="com.em.testcases.CreateApplication_TestCases" name="Test_CreateApplication_MainGur_Forename_Icon_are_Present_22" time="10.058"/>
  <system-out/>
  <testcase classname="com.em.testcases.CreateApplication_TestCases" name="Test_CreateApplication_MainGur_Forename_validationTooltip_Msgs_23" time="22.471"/>
  <system-out/>
  <testcase classname="com.em.testcases.CreateApplication_TestCases" name="Test_CreateApplication_MainGur_Forename_are_Entered_24" time="10.406"/>
  <system-out/>
  <testcase classname="com.em.testcases.CreateApplication_TestCases" name="Test_CreateApplication_MainGur_Middlename_Icon_are_Present_25" time="10.055"/>
  <system-out/>
  <testcase classname="com.em.testcases.CreateApplication_TestCases" name="Test_CreateApplication_MainGur_Middlename_validationTooltip_Msgs_26" time="22.551"/>
  <system-out/>
  <testcase classname="com.em.testcases.CreateApplication_TestCases" name="Test_CreateApplication_MainGur_Forename_are_Entered_27" time="10.337"/>
  <system-out/>
</testsuite> <!-- com.em.testcases.CreateApplication_TestCases -->
