<?xml version="1.0" encoding="UTF-8"?>
<!-- Generated by org.testng.reporters.JUnitReportReporter -->
<testsuite hostname="DESKTOP-OAC4TPN" failures="0" tests="7" name="com.em.testcases.CreateApplication_TestCases" time="43.634" errors="0" timestamp="2020-12-08T17:40:42 PKT" skipped="0">
  <testcase classname="com.em.testcases.CreateApplication_TestCases" name="TestCreate_ApplicationPage_are_Displayed" time="10.384"/>
  <system-out/>
  <testcase classname="com.em.testcases.CreateApplication_TestCases" name="ClickOn_Save_or_CreateApplication_Button" time="10.393"/>
  <system-out/>
  <testcase classname="com.em.testcases.CreateApplication_TestCases" name="CheckCompany_sectionText_areAvailble" time="0.067"/>
  <system-out/>
  <testcase classname="com.em.testcases.CreateApplication_TestCases" name="Test_CompanyName_are_Entered" time="0.762"/>
  <system-out/>
  <testcase classname="com.em.testcases.CreateApplication_TestCases" name="Test_SearchCompany_Text_and_CrossButton" time="10.379"/>
  <system-out/>
  <testcase classname="com.em.testcases.CreateApplication_TestCases" name="Test_to_SelectEnteredCompany" time="0.615"/>
  <system-out/>
  <testcase classname="com.em.testcases.CreateApplication_TestCases" name="Test_CompanyText_and_Cross_Button" time="11.034"/>
  <system-out/>
</testsuite> <!-- com.em.testcases.CreateApplication_TestCases -->
