<?xml version="1.0" encoding="UTF-8"?>
<!-- Generated by org.testng.reporters.JUnitReportReporter -->
<testsuite hostname="DESKTOP-OAC4TPN" failures="0" tests="5" name="com.em.testcases.LoginPage_TestCases" time="25.348" errors="0" timestamp="2020-12-09T16:51:26 PKT" skipped="0">
  <testcase classname="com.em.testcases.LoginPage_TestCases" name="Test_LoginPage_Emerald_Lunched_1" time="14.372"/>
  <system-out/>
  <testcase classname="com.em.testcases.LoginPage_TestCases" name="Test_LoginPage_Logo_Text_isPresent_2" time="0.094"/>
  <system-out/>
  <testcase classname="com.em.testcases.LoginPage_TestCases" name="Test_LoginPage_Username_Text_isPresent_3" time="0.058"/>
  <system-out/>
  <testcase classname="com.em.testcases.LoginPage_TestCases" name="Test_LoginPage_Password_Text_isPresent_4" time="0.049"/>
  <system-out/>
  <testcase classname="com.em.testcases.LoginPage_TestCases" name="Test_LoginPage_valid_login_11" time="10.775"/>
  <system-out/>
</testsuite> <!-- com.em.testcases.LoginPage_TestCases -->
