<?xml version="1.0" encoding="UTF-8"?>
<!-- Generated by org.testng.reporters.JUnitReportReporter -->
<testsuite hostname="DESKTOP-OAC4TPN" failures="0" tests="2" name="com.em.testcases.CreateApplication_TestCases" time="11.875" errors="0" timestamp="2020-12-03T15:24:16 PKT" skipped="0">
  <testcase classname="com.em.testcases.CreateApplication_TestCases" name="TestCreate_ApplicationPage_are_Displayed" time="10.464"/>
  <system-out/>
  <testcase classname="com.em.testcases.CreateApplication_TestCases" name="ClickOn_Save_or_CreateApplication_Button" time="1.411"/>
  <system-out/>
</testsuite> <!-- com.em.testcases.CreateApplication_TestCases -->
