<?xml version="1.0" encoding="UTF-8"?>
<!-- Generated by org.testng.reporters.JUnitReportReporter -->
<testsuite hostname="DESKTOP-OAC4TPN" failures="0" tests="11" name="com.em.testcases.LoginPage_TestCases" time="72.800" errors="0" timestamp="2020-12-03T15:24:16 PKT" skipped="0">
  <testcase classname="com.em.testcases.LoginPage_TestCases" name="Emerald_Lunched" time="13.889"/>
  <system-out/>
  <testcase classname="com.em.testcases.LoginPage_TestCases" name="Test_Login_Logo_Text_isPresent" time="0.089"/>
  <system-out/>
  <testcase classname="com.em.testcases.LoginPage_TestCases" name="Test_Username_Text_isPresent" time="0.065"/>
  <system-out/>
  <testcase classname="com.em.testcases.LoginPage_TestCases" name="Test_Password_Text_isPresent" time="0.063"/>
  <system-out/>
  <testcase classname="com.em.testcases.LoginPage_TestCases" name="Click_LoginButton_without_usernamePaswword" time="6.839"/>
  <system-out/>
  <testcase classname="com.em.testcases.LoginPage_TestCases" name="Test_LoginButton" time="0.057"/>
  <system-out/>
  <testcase classname="com.em.testcases.LoginPage_TestCases" name="Test_Show_Hide_PasswordButton" time="0.450"/>
  <system-out/>
  <testcase classname="com.em.testcases.LoginPage_TestCases" name="Test_login_without_Username" time="14.065"/>
  <system-out/>
  <testcase classname="com.em.testcases.LoginPage_TestCases" name="Test_login_without_Password" time="14.159"/>
  <system-out/>
  <testcase classname="com.em.testcases.LoginPage_TestCases" name="Test_for_Invalid_login" time="12.330"/>
  <system-out/>
  <testcase classname="com.em.testcases.LoginPage_TestCases" name="valid_login" time="10.794"/>
  <system-out/>
</testsuite> <!-- com.em.testcases.LoginPage_TestCases -->
