<?xml version="1.0" encoding="UTF-8"?>
<!-- Generated by org.testng.reporters.JUnitReportReporter -->
<testsuite hostname="DESKTOP-OAC4TPN" failures="0" tests="5" name="com.em.testcases.LoginPage_TestCases" time="24.532" errors="0" timestamp="2020-12-08T17:40:42 PKT" skipped="0">
  <testcase classname="com.em.testcases.LoginPage_TestCases" name="Emerald_Lunched" time="13.490"/>
  <system-out/>
  <testcase classname="com.em.testcases.LoginPage_TestCases" name="Test_Login_Logo_Text_isPresent" time="0.093"/>
  <system-out/>
  <testcase classname="com.em.testcases.LoginPage_TestCases" name="Test_Username_Text_isPresent" time="0.055"/>
  <system-out/>
  <testcase classname="com.em.testcases.LoginPage_TestCases" name="Test_Password_Text_isPresent" time="0.051"/>
  <system-out/>
  <testcase classname="com.em.testcases.LoginPage_TestCases" name="valid_login" time="10.843"/>
  <system-out/>
</testsuite> <!-- com.em.testcases.LoginPage_TestCases -->
