<?xml version="1.0" encoding="UTF-8"?>
<!-- Generated by org.testng.reporters.JUnitReportReporter -->
<testsuite hostname="DESKTOP-OAC4TPN" failures="0" tests="12" name="com.em.testcases.LoginPage_TestCases" time="74.333" errors="0" timestamp="2020-12-03T12:38:01 PKT" skipped="0">
  <testcase classname="com.em.testcases.LoginPage_TestCases" name="Emerald_Lunched" time="13.947"/>
  <system-out/>
  <testcase classname="com.em.testcases.LoginPage_TestCases" name="Test_to_Allow_alerts_permission" time="0.002"/>
  <system-out/>
  <testcase classname="com.em.testcases.LoginPage_TestCases" name="Test_Login_Logo_Text_isPresent" time="0.090"/>
  <system-out/>
  <testcase classname="com.em.testcases.LoginPage_TestCases" name="Test_Username_Text_isPresent" time="0.064"/>
  <system-out/>
  <testcase classname="com.em.testcases.LoginPage_TestCases" name="Test_Password_Text_isPresent" time="0.057"/>
  <system-out/>
  <testcase classname="com.em.testcases.LoginPage_TestCases" name="Click_LoginButton_without_usernamePaswword" time="6.824"/>
  <system-out/>
  <testcase classname="com.em.testcases.LoginPage_TestCases" name="Test_LoginButton" time="0.050"/>
  <system-out/>
  <testcase classname="com.em.testcases.LoginPage_TestCases" name="Test_Show_Hide_PasswordButton" time="0.439"/>
  <system-out/>
  <testcase classname="com.em.testcases.LoginPage_TestCases" name="Test_login_without_Username" time="15.517"/>
  <system-out/>
  <testcase classname="com.em.testcases.LoginPage_TestCases" name="Test_login_without_Password" time="14.217"/>
  <system-out/>
  <testcase classname="com.em.testcases.LoginPage_TestCases" name="Test_for_Invalid_login" time="12.248"/>
  <system-out/>
  <testcase classname="com.em.testcases.LoginPage_TestCases" name="valid_login" time="10.878"/>
  <system-out/>
</testsuite> <!-- com.em.testcases.LoginPage_TestCases -->
