<?xml version="1.0" encoding="UTF-8"?>
<!-- Generated by org.testng.reporters.JUnitReportReporter -->
<testsuite hostname="DESKTOP-OAC4TPN" failures="0" tests="18" name="com.em.testcases.CreateApplication_MG_TestCases" time="207.018" errors="0" timestamp="2020-12-10T10:41:04 PKT" skipped="0">
  <testcase classname="com.em.testcases.CreateApplication_MG_TestCases" name="Test_CreateApplication_MG_Page_are_Displayed_13" time="10.397"/>
  <system-out/>
  <testcase classname="com.em.testcases.CreateApplication_MG_TestCases" name="Test_CreateApplication_MG_To_ClickOn_Save_Button_14" time="10.608"/>
  <system-out/>
  <testcase classname="com.em.testcases.CreateApplication_MG_TestCases" name="Test_CreateApplication_MG_Company_sectionText_areAvailble_15" time="0.066"/>
  <system-out/>
  <testcase classname="com.em.testcases.CreateApplication_MG_TestCases" name="Test_CreateApplication_MG_CompanyName_are_Entered_16" time="0.752"/>
  <system-out/>
  <testcase classname="com.em.testcases.CreateApplication_MG_TestCases" name="Test_CreateApplication_MG_To_SearchCompany_Text_and_CrossButton_17" time="10.331"/>
  <system-out/>
  <testcase classname="com.em.testcases.CreateApplication_MG_TestCases" name="Test_CreateApplication_MG_to_SelectEnteredCompany_18" time="0.691"/>
  <system-out/>
  <testcase classname="com.em.testcases.CreateApplication_MG_TestCases" name="Test_CreateApplication_MG_CompanyText_and_Cross_Button_19" time="11.400"/>
  <system-out/>
  <testcase classname="com.em.testcases.CreateApplication_MG_TestCases" name="Test_Createapplication_MG_to_Select_all_Directors_and_Submit_Button_20" time="10.774"/>
  <system-out/>
  <testcase classname="com.em.testcases.CreateApplication_MG_TestCases" name="Test_CreateApplication_MG_Title_areSelected_21" time="10.187"/>
  <system-out/>
  <testcase classname="com.em.testcases.CreateApplication_MG_TestCases" name="Test_CreateApplication_MG_Forename_Icon_are_Present_22" time="10.060"/>
  <system-out/>
  <testcase classname="com.em.testcases.CreateApplication_MG_TestCases" name="Test_CreateApplication_MG_Forename_validationTooltip_Msgs_23" time="34.929"/>
  <system-out/>
  <testcase classname="com.em.testcases.CreateApplication_MG_TestCases" name="Test_CreateApplication_MG_Forename_are_Entered_24" time="10.427"/>
  <system-out/>
  <testcase classname="com.em.testcases.CreateApplication_MG_TestCases" name="Test_CreateApplication_MG_Middlename_Icon_are_Present_25" time="10.073"/>
  <system-out/>
  <testcase classname="com.em.testcases.CreateApplication_MG_TestCases" name="Test_CreateApplication_MG_Middlename_validationTooltip_Msgs_26" time="22.703"/>
  <system-out/>
  <testcase classname="com.em.testcases.CreateApplication_MG_TestCases" name="Test_CreateApplication_MG_Forename_are_Entered_27" time="10.471"/>
  <system-out/>
  <testcase classname="com.em.testcases.CreateApplication_MG_TestCases" name="Test_CreateApplication_MG_Surname_Icon_are_Present_28" time="10.107"/>
  <system-out/>
  <testcase classname="com.em.testcases.CreateApplication_MG_TestCases" name="Test_CreateApplication_MG_Surname_validationTooltip_Msgs_29" time="22.628"/>
  <system-out/>
  <testcase classname="com.em.testcases.CreateApplication_MG_TestCases" name="Test_CreateApplication_MG_Surname_are_Entered_30" time="10.414"/>
  <system-out/>
</testsuite> <!-- com.em.testcases.CreateApplication_MG_TestCases -->
