<?xml version="1.0" encoding="UTF-8"?>
<!-- Generated by org.testng.reporters.JUnitReportReporter -->
<testsuite hostname="DESKTOP-OAC4TPN" failures="0" tests="1" name="com.em.testcases.CallLog_Windows_TestCases" time="12.217" errors="0" timestamp="2020-12-10T10:41:04 PKT" skipped="0">
  <testcase classname="com.em.testcases.CallLog_Windows_TestCases" name="Test_CallLog_Windows_Switch_toCall_12" time="12.217"/>
  <system-out/>
</testsuite> <!-- com.em.testcases.CallLog_Windows_TestCases -->
