<?xml version="1.0" encoding="UTF-8"?>
<!-- Generated by org.testng.reporters.JUnitReportReporter -->
<testsuite hostname="DESKTOP-OAC4TPN" failures="0" tests="11" name="com.em.testcases.LoginPage_TestCases" time="72.275" errors="0" timestamp="2020-12-07T12:07:11 PKT" skipped="0">
  <testcase classname="com.em.testcases.LoginPage_TestCases" name="Emerald_Lunched" time="13.918"/>
  <system-out/>
  <testcase classname="com.em.testcases.LoginPage_TestCases" name="Test_Login_Logo_Text_isPresent" time="0.097"/>
  <system-out/>
  <testcase classname="com.em.testcases.LoginPage_TestCases" name="Test_Username_Text_isPresent" time="0.058"/>
  <system-out/>
  <testcase classname="com.em.testcases.LoginPage_TestCases" name="Test_Password_Text_isPresent" time="0.053"/>
  <system-out/>
  <testcase classname="com.em.testcases.LoginPage_TestCases" name="Click_LoginButton_without_usernamePaswword" time="6.678"/>
  <system-out/>
  <testcase classname="com.em.testcases.LoginPage_TestCases" name="Test_LoginButton" time="0.059"/>
  <system-out/>
  <testcase classname="com.em.testcases.LoginPage_TestCases" name="Test_Show_Hide_PasswordButton" time="0.440"/>
  <system-out/>
  <testcase classname="com.em.testcases.LoginPage_TestCases" name="Test_login_without_Username" time="14.012"/>
  <system-out/>
  <testcase classname="com.em.testcases.LoginPage_TestCases" name="Test_login_without_Password" time="14.016"/>
  <system-out/>
  <testcase classname="com.em.testcases.LoginPage_TestCases" name="Test_for_Invalid_login" time="12.232"/>
  <system-out/>
  <testcase classname="com.em.testcases.LoginPage_TestCases" name="valid_login" time="10.712"/>
  <system-out/>
</testsuite> <!-- com.em.testcases.LoginPage_TestCases -->
