<?xml version="1.0" encoding="UTF-8"?>
<!-- Generated by org.testng.reporters.JUnitReportReporter -->
<testsuite hostname="DESKTOP-OAC4TPN" failures="0" tests="18" name="com.em.testcases.CreateApplication_MG_TestCases" time="192.970" errors="0" timestamp="2020-12-09T16:51:26 PKT" skipped="0">
  <testcase classname="com.em.testcases.CreateApplication_MG_TestCases" name="Test_CreateApplication_MG_Page_are_Displayed_13" time="10.416"/>
  <system-out/>
  <testcase classname="com.em.testcases.CreateApplication_MG_TestCases" name="Test_CreateApplication_MG_To_ClickOn_Save_Button_14" time="10.323"/>
  <system-out/>
  <testcase classname="com.em.testcases.CreateApplication_MG_TestCases" name="Test_CreateApplication_MG_Company_sectionText_areAvailble_15" time="0.062"/>
  <system-out/>
  <testcase classname="com.em.testcases.CreateApplication_MG_TestCases" name="Test_CreateApplication_MG_CompanyName_are_Entered_16" time="0.789"/>
  <system-out/>
  <testcase classname="com.em.testcases.CreateApplication_MG_TestCases" name="Test_CreateApplication_MG_To_SearchCompany_Text_and_CrossButton_17" time="10.274"/>
  <system-out/>
  <testcase classname="com.em.testcases.CreateApplication_MG_TestCases" name="Test_CreateApplication_MG_to_SelectEnteredCompany_18" time="0.657"/>
  <system-out/>
  <testcase classname="com.em.testcases.CreateApplication_MG_TestCases" name="Test_CreateApplication_MG_CompanyText_and_Cross_Button_19" time="10.925"/>
  <system-out/>
  <testcase classname="com.em.testcases.CreateApplication_MG_TestCases" name="Test_Createapplication_MG_to_Select_all_Directors_and_Submit_Button_20" time="10.665"/>
  <system-out/>
  <testcase classname="com.em.testcases.CreateApplication_MG_TestCases" name="Test_CreateApplication_MG_MainGur_Title_areSelected_21" time="10.194"/>
  <system-out/>
  <testcase classname="com.em.testcases.CreateApplication_MG_TestCases" name="Test_CreateApplication_MG_MainGur_Forename_Icon_are_Present_22" time="10.060"/>
  <system-out/>
  <testcase classname="com.em.testcases.CreateApplication_MG_TestCases" name="Test_CreateApplication_MG_MainGur_Forename_validationTooltip_Msgs_23" time="22.565"/>
  <system-out/>
  <testcase classname="com.em.testcases.CreateApplication_MG_TestCases" name="Test_CreateApplication_MG_MainGur_Forename_are_Entered_24" time="10.403"/>
  <system-out/>
  <testcase classname="com.em.testcases.CreateApplication_MG_TestCases" name="Test_CreateApplication_MG_MainGur_Middlename_Icon_are_Present_25" time="10.056"/>
  <system-out/>
  <testcase classname="com.em.testcases.CreateApplication_MG_TestCases" name="Test_CreateApplication_MG_MainGur_Middlename_validationTooltip_Msgs_26" time="22.549"/>
  <system-out/>
  <testcase classname="com.em.testcases.CreateApplication_MG_TestCases" name="Test_CreateApplication_MG_MainGur_Forename_are_Entered_27" time="10.330"/>
  <system-out/>
  <testcase classname="com.em.testcases.CreateApplication_MG_TestCases" name="Test_CreateApplication_MG_MainGur_Surname_Icon_are_Present_28" time="10.052"/>
  <system-out/>
  <testcase classname="com.em.testcases.CreateApplication_MG_TestCases" name="Test_CreateApplication_MG_MainGur_Surname_validationTooltip_Msgs_29" time="22.359"/>
  <system-out/>
  <testcase classname="com.em.testcases.CreateApplication_MG_TestCases" name="Test_CreateApplication_MG_MainGur_Surname_are_Entered_30" time="10.291"/>
  <system-out/>
</testsuite> <!-- com.em.testcases.CreateApplication_MG_TestCases -->
